<?xml version="1.0" encoding="UTF-8"?>
<!-- Generated by org.testng.reporters.JUnitReportReporter -->
<testsuite hostname="LAPTOP-8GE2SGEO" failures="0" tests="1" name="runner.UserManageRunner" time="117.110" errors="0" timestamp="2020-11-08T20:53:31 IST" skipped="0">
  <testcase classname="runner.UserManageRunner" name="feature" time="117.110"/>
  <system-out/>
</testsuite> <!-- runner.UserManageRunner -->
